<?xml version="1.0" encoding="UTF-8"?>
<!-- Generated by org.testng.reporters.JUnitXMLReporter -->
<testsuite ignored="0" hostname="QT-INNO-LT1384" failures="0" tests="3" name="Default test" time="22.385" errors="0" timestamp="2022-06-14T10:33:27 IST">
  <testcase classname="TestNG.InvocationTest" name="testmethod1" time="9.657"/>
  <testcase classname="TestNG.InvocationTest" name="testmethod1" time="6.292"/>
  <testcase classname="TestNG.InvocationTest" name="testmethod1" time="6.387"/>
</testsuite> <!-- Default test -->
