<?xml version="1.0" encoding="UTF-8"?>
<testng-results ignored="0" total="3" passed="3" failed="0" skipped="0">
  <reporter-output>
  </reporter-output>
  <suite started-at="2022-06-14T10:33:05 IST" name="Default suite" finished-at="2022-06-14T10:33:27 IST" duration-ms="22385">
    <groups>
    </groups>
    <test started-at="2022-06-14T10:33:05 IST" name="Default test" finished-at="2022-06-14T10:33:27 IST" duration-ms="22385">
      <class name="TestNG.InvocationTest">
        <test-method signature="testmethod1()[pri:0, instance:TestNG.InvocationTest@41c2284a]" started-at="2022-06-14T10:33:05 IST" name="testmethod1" finished-at="2022-06-14T10:33:14 IST" duration-ms="9657" status="PASS">
          <reporter-output>
          </reporter-output>
        </test-method> <!-- testmethod1 -->
        <test-method signature="testmethod1()[pri:0, instance:TestNG.InvocationTest@41c2284a]" started-at="2022-06-14T10:33:14 IST" name="testmethod1" finished-at="2022-06-14T10:33:21 IST" duration-ms="6292" status="PASS">
          <reporter-output>
          </reporter-output>
        </test-method> <!-- testmethod1 -->
        <test-method signature="testmethod1()[pri:0, instance:TestNG.InvocationTest@41c2284a]" started-at="2022-06-14T10:33:21 IST" name="testmethod1" finished-at="2022-06-14T10:33:27 IST" duration-ms="6387" status="PASS">
          <reporter-output>
          </reporter-output>
        </test-method> <!-- testmethod1 -->
      </class> <!-- TestNG.InvocationTest -->
    </test> <!-- Default test -->
  </suite> <!-- Default suite -->
</testng-results>
